[      61ms] [INFO] %cDownload the React DevTools for a better development experience: https://react.dev/link/react-devtools font-weight:bold @ http://localhost:3000/_next/static/chunks/0vgw_next_dist_0dl7j9k._.js:2477
[      76ms] [LOG] [HMR] connected @ http://localhost:3000/_next/static/chunks/0vgw_next_dist_0dl7j9k._.js:2477
[   55064ms] [LOG] [Fast Refresh] rebuilding @ http://localhost:3000/_next/static/chunks/0vgw_next_dist_0dl7j9k._.js:2477
[   55334ms] [LOG] [Fast Refresh] done in 382ms @ http://localhost:3000/_next/static/chunks/0vgw_next_dist_0dl7j9k._.js:2477
[  257270ms] [LOG] [Fast Refresh] rebuilding @ http://localhost:3000/_next/static/chunks/0vgw_next_dist_0dl7j9k._.js:2477
[  257279ms] [LOG] [Fast Refresh] done in 110ms @ http://localhost:3000/_next/static/chunks/0vgw_next_dist_0dl7j9k._.js:2477
[  393714ms] [LOG] [Fast Refresh] rebuilding @ http://localhost:3000/_next/static/chunks/0vgw_next_dist_0dl7j9k._.js:2477
[  393732ms] [LOG] [Fast Refresh] done in 124ms @ http://localhost:3000/_next/static/chunks/0vgw_next_dist_0dl7j9k._.js:2477
[  400027ms] [LOG] [Fast Refresh] rebuilding @ http://localhost:3000/_next/static/chunks/0vgw_next_dist_0dl7j9k._.js:2477
[  400029ms] [LOG] [Fast Refresh] done in 105ms @ http://localhost:3000/_next/static/chunks/0vgw_next_dist_0dl7j9k._.js:2477
[  410979ms] [LOG] [Fast Refresh] rebuilding @ http://localhost:3000/_next/static/chunks/0vgw_next_dist_0dl7j9k._.js:2477
[  411090ms] [LOG] [Fast Refresh] done in 232ms @ http://localhost:3000/_next/static/chunks/0vgw_next_dist_0dl7j9k._.js:2477
[  413017ms] [LOG] [Fast Refresh] rebuilding @ http://localhost:3000/_next/static/chunks/0vgw_next_dist_0dl7j9k._.js:2477
[  413017ms] [LOG] [Fast Refresh] done in 107ms @ http://localhost:3000/_next/static/chunks/0vgw_next_dist_0dl7j9k._.js:2477
[  428067ms] [LOG] [Fast Refresh] rebuilding @ http://localhost:3000/_next/static/chunks/0vgw_next_dist_0dl7j9k._.js:2477
[  428067ms] [LOG] [Fast Refresh] done in 114ms @ http://localhost:3000/_next/static/chunks/0vgw_next_dist_0dl7j9k._.js:2477
[  433633ms] [LOG] [Fast Refresh] rebuilding @ http://localhost:3000/_next/static/chunks/0vgw_next_dist_0dl7j9k._.js:2477
[  433634ms] [LOG] [Fast Refresh] done in 112ms @ http://localhost:3000/_next/static/chunks/0vgw_next_dist_0dl7j9k._.js:2477
[  446884ms] [LOG] [Fast Refresh] rebuilding @ http://localhost:3000/_next/static/chunks/0vgw_next_dist_0dl7j9k._.js:2477
[  446887ms] [LOG] [Fast Refresh] done in 119ms @ http://localhost:3000/_next/static/chunks/0vgw_next_dist_0dl7j9k._.js:2477
[  459698ms] [WARNING] Warning: Missing `Description` or `aria-describedby={undefined}` for {DialogContent}. @ http://localhost:3000/_next/static/chunks/0vgw_next_dist_0dl7j9k._.js:2477
[  459703ms] [WARNING] Warning: Missing `Description` or `aria-describedby={undefined}` for {DialogContent}. @ http://localhost:3000/_next/static/chunks/0vgw_next_dist_0dl7j9k._.js:2477
[  459908ms] [LOG] [Fast Refresh] rebuilding @ http://localhost:3000/_next/static/chunks/0vgw_next_dist_0dl7j9k._.js:2477
[  460001ms] [LOG] [Fast Refresh] done in 197ms @ http://localhost:3000/_next/static/chunks/0vgw_next_dist_0dl7j9k._.js:2477
[  460884ms] [LOG] [Fast Refresh] rebuilding @ http://localhost:3000/_next/static/chunks/0vgw_next_dist_0dl7j9k._.js:2477
[  460900ms] [LOG] [Fast Refresh] done in 125ms @ http://localhost:3000/_next/static/chunks/0vgw_next_dist_0dl7j9k._.js:2477
[  491667ms] [LOG] [Fast Refresh] rebuilding @ http://localhost:3000/_next/static/chunks/0vgw_next_dist_0dl7j9k._.js:2477
[  491686ms] [LOG] [Fast Refresh] done in 130ms @ http://localhost:3000/_next/static/chunks/0vgw_next_dist_0dl7j9k._.js:2477
[  506198ms] [LOG] [Fast Refresh] rebuilding @ http://localhost:3000/_next/static/chunks/0vgw_next_dist_0dl7j9k._.js:2477
[  506216ms] [LOG] [Fast Refresh] done in 122ms @ http://localhost:3000/_next/static/chunks/0vgw_next_dist_0dl7j9k._.js:2477
[  541417ms] [LOG] [Fast Refresh] rebuilding @ http://localhost:3000/_next/static/chunks/0vgw_next_dist_0dl7j9k._.js:2477
[  541435ms] [LOG] [Fast Refresh] done in 130ms @ http://localhost:3000/_next/static/chunks/0vgw_next_dist_0dl7j9k._.js:2477
[  560984ms] [LOG] [Fast Refresh] rebuilding @ http://localhost:3000/_next/static/chunks/0vgw_next_dist_0dl7j9k._.js:2477
[  561068ms] [LOG] [Fast Refresh] done in 190ms @ http://localhost:3000/_next/static/chunks/0vgw_next_dist_0dl7j9k._.js:2477
[  563034ms] [LOG] [Fast Refresh] rebuilding @ http://localhost:3000/_next/static/chunks/0vgw_next_dist_0dl7j9k._.js:2477
[  563035ms] [LOG] [Fast Refresh] done in 111ms @ http://localhost:3000/_next/static/chunks/0vgw_next_dist_0dl7j9k._.js:2477
[  576974ms] [ERROR] Failed to load resource: the server responded with a status of 400 (Bad Request) @ http://localhost:3000/api/disputes:0
[  602091ms] [LOG] [Fast Refresh] rebuilding @ http://localhost:3000/_next/static/chunks/0vgw_next_dist_0dl7j9k._.js:2477
[  602150ms] [LOG] [Fast Refresh] done in 161ms @ http://localhost:3000/_next/static/chunks/0vgw_next_dist_0dl7j9k._.js:2477
[  657267ms] [LOG] [Fast Refresh] rebuilding @ http://localhost:3000/_next/static/chunks/0vgw_next_dist_0dl7j9k._.js:2477
[  657335ms] [LOG] [Fast Refresh] done in 183ms @ http://localhost:3000/_next/static/chunks/0vgw_next_dist_0dl7j9k._.js:2477
[  691701ms] [LOG] [Fast Refresh] rebuilding @ http://localhost:3000/_next/static/chunks/0vgw_next_dist_0dl7j9k._.js:2477
[  691703ms] [LOG] [Fast Refresh] done in 113ms @ http://localhost:3000/_next/static/chunks/0vgw_next_dist_0dl7j9k._.js:2477
[  711133ms] [LOG] [Fast Refresh] rebuilding @ http://localhost:3000/_next/static/chunks/0vgw_next_dist_0dl7j9k._.js:2477
[  711153ms] [LOG] [Fast Refresh] done in 127ms @ http://localhost:3000/_next/static/chunks/0vgw_next_dist_0dl7j9k._.js:2477
[  778849ms] [WARNING] Warning: Missing `Description` or `aria-describedby={undefined}` for {DialogContent}. @ http://localhost:3000/_next/static/chunks/0vgw_next_dist_0dl7j9k._.js:2477
[  778850ms] [WARNING] Warning: Missing `Description` or `aria-describedby={undefined}` for {DialogContent}. @ http://localhost:3000/_next/static/chunks/0vgw_next_dist_0dl7j9k._.js:2477
[ 1458689ms] [LOG] [Fast Refresh] rebuilding @ http://localhost:3000/_next/static/chunks/0vgw_next_dist_0dl7j9k._.js:2477
[ 1458691ms] [LOG] [Fast Refresh] done in 106ms @ http://localhost:3000/_next/static/chunks/0vgw_next_dist_0dl7j9k._.js:2477
[ 1473502ms] [VERBOSE] [DOM] Password field is not contained in a form: (More info: https://goo.gl/9p2vKq) %o @ http://localhost:3000/login:0
[ 1473553ms] [INFO] %cDownload the React DevTools for a better development experience: https://react.dev/link/react-devtools font-weight:bold @ http://localhost:3000/_next/static/chunks/0vgw_next_dist_0dl7j9k._.js:2477
[ 1473642ms] [LOG] [HMR] connected @ http://localhost:3000/_next/static/chunks/0vgw_next_dist_0dl7j9k._.js:2477
[ 1475145ms] [INFO] %cDownload the React DevTools for a better development experience: https://react.dev/link/react-devtools font-weight:bold @ http://localhost:3000/_next/static/chunks/0vgw_next_dist_0dl7j9k._.js:2477
[ 1475201ms] [LOG] [HMR] connected @ http://localhost:3000/_next/static/chunks/0vgw_next_dist_0dl7j9k._.js:2477
[ 1483940ms] [INFO] %cDownload the React DevTools for a better development experience: https://react.dev/link/react-devtools font-weight:bold @ http://localhost:3000/_next/static/chunks/0vgw_next_dist_0dl7j9k._.js:2477
[ 1484014ms] [LOG] [HMR] connected @ http://localhost:3000/_next/static/chunks/0vgw_next_dist_0dl7j9k._.js:2477
[ 2778406ms] [LOG] [Fast Refresh] rebuilding @ http://localhost:3000/_next/static/chunks/0vgw_next_dist_0dl7j9k._.js:2477
[ 2778437ms] [LOG] [Fast Refresh] done in 134ms @ http://localhost:3000/_next/static/chunks/0vgw_next_dist_0dl7j9k._.js:2477
[ 2778478ms] [VERBOSE] [DOM] Password field is not contained in a form: (More info: https://goo.gl/9p2vKq) %o @ http://localhost:3000/login:0
[ 2778502ms] [INFO] %cDownload the React DevTools for a better development experience: https://react.dev/link/react-devtools font-weight:bold @ http://localhost:3000/_next/static/chunks/0vgw_next_dist_0dl7j9k._.js:2477
[ 2778554ms] [LOG] [HMR] connected @ http://localhost:3000/_next/static/chunks/0vgw_next_dist_0dl7j9k._.js:2477
[ 2780373ms] [VERBOSE] [DOM] Password field is not contained in a form: (More info: https://goo.gl/9p2vKq) %o @ http://localhost:3000/login:0
[ 2781955ms] [VERBOSE] [DOM] Password field is not contained in a form: (More info: https://goo.gl/9p2vKq) %o @ http://localhost:3000/login:0
[ 2784148ms] [INFO] %cDownload the React DevTools for a better development experience: https://react.dev/link/react-devtools font-weight:bold @ http://localhost:3000/_next/static/chunks/0vgw_next_dist_0dl7j9k._.js:2477
[ 2784162ms] [LOG] [HMR] connected @ http://localhost:3000/_next/static/chunks/0vgw_next_dist_0dl7j9k._.js:2477
[ 2787835ms] [VERBOSE] [DOM] Password field is not contained in a form: (More info: https://goo.gl/9p2vKq) %o @ http://localhost:3000/login:0
[ 2787838ms] [INFO] %cDownload the React DevTools for a better development experience: https://react.dev/link/react-devtools font-weight:bold @ http://localhost:3000/_next/static/chunks/0vgw_next_dist_0dl7j9k._.js:2477
[ 2787848ms] [LOG] [HMR] connected @ http://localhost:3000/_next/static/chunks/0vgw_next_dist_0dl7j9k._.js:2477
[ 2789226ms] [VERBOSE] [DOM] Password field is not contained in a form: (More info: https://goo.gl/9p2vKq) %o @ http://localhost:3000/login:0
[ 2789256ms] [INFO] %cDownload the React DevTools for a better development experience: https://react.dev/link/react-devtools font-weight:bold @ http://localhost:3000/_next/static/chunks/0vgw_next_dist_0dl7j9k._.js:2477
[ 2789310ms] [LOG] [HMR] connected @ http://localhost:3000/_next/static/chunks/0vgw_next_dist_0dl7j9k._.js:2477
[ 2791801ms] [INFO] %cDownload the React DevTools for a better development experience: https://react.dev/link/react-devtools font-weight:bold @ http://localhost:3000/_next/static/chunks/0vgw_next_dist_0dl7j9k._.js:2477
[ 2791812ms] [VERBOSE] [DOM] Password field is not contained in a form: (More info: https://goo.gl/9p2vKq) %o @ http://localhost:3000/login:0
[ 2791812ms] [LOG] [HMR] connected @ http://localhost:3000/_next/static/chunks/0vgw_next_dist_0dl7j9k._.js:2477
[ 2795673ms] [VERBOSE] [DOM] Password field is not contained in a form: (More info: https://goo.gl/9p2vKq) %o @ http://localhost:3000/login:0
[ 2803105ms] [LOG] [Fast Refresh] rebuilding @ http://localhost:3000/_next/static/chunks/0vgw_next_dist_0dl7j9k._.js:2477
[ 2803176ms] [LOG] [Fast Refresh] done in 180ms @ http://localhost:3000/_next/static/chunks/0vgw_next_dist_0dl7j9k._.js:2477
[ 2803284ms] [LOG] [Fast Refresh] rebuilding @ http://localhost:3000/_next/static/chunks/0vgw_next_dist_0dl7j9k._.js:2477
[ 2804340ms] [LOG] [Fast Refresh] done in 1162ms @ http://localhost:3000/_next/static/chunks/0vgw_next_dist_0dl7j9k._.js:2477
[ 2806973ms] [LOG] [Fast Refresh] rebuilding @ http://localhost:3000/_next/static/chunks/0vgw_next_dist_0dl7j9k._.js:2477
[ 2807054ms] [ERROR] Failed to load resource: the server responded with a status of 404 (Not Found) @ http://localhost:3000/api/auth/verify-otp:0
[ 2807058ms] [LOG] [Fast Refresh] done in 185ms @ http://localhost:3000/_next/static/chunks/0vgw_next_dist_0dl7j9k._.js:2477
[ 2807309ms] [ERROR] Failed to load resource: the server responded with a status of 404 (Not Found) @ http://localhost:3000/api/auth/verify-otp:0
[ 2809707ms] [VERBOSE] [DOM] Password field is not contained in a form: (More info: https://goo.gl/9p2vKq) %o @ http://localhost:3000/login:0
[ 2814122ms] [VERBOSE] [DOM] Password field is not contained in a form: (More info: https://goo.gl/9p2vKq) %o @ http://localhost:3000/login:0
[ 2815156ms] [VERBOSE] [DOM] Password field is not contained in a form: (More info: https://goo.gl/9p2vKq) %o @ http://localhost:3000/login:0
[ 2817507ms] [VERBOSE] [DOM] Password field is not contained in a form: (More info: https://goo.gl/9p2vKq) %o @ http://localhost:3000/login:0
[ 2954530ms] [LOG] [Fast Refresh] rebuilding @ http://localhost:3000/_next/static/chunks/0vgw_next_dist_0dl7j9k._.js:2477
[ 2954538ms] [LOG] [Fast Refresh] done in 110ms @ http://localhost:3000/_next/static/chunks/0vgw_next_dist_0dl7j9k._.js:2477
