[     245ms] [INFO] %cDownload the React DevTools for a better development experience: https://react.dev/link/react-devtools font-weight:bold @ http://localhost:3001/_next/static/chunks/0vgw_next_dist_0dl7j9k._.js:2477
[     323ms] [LOG] [HMR] connected @ http://localhost:3001/_next/static/chunks/0vgw_next_dist_0dl7j9k._.js:2477
[     500ms] [ERROR] Access to fetch at 'http://localhost:3000/api/auth/get-session' from origin 'http://localhost:3001' has been blocked by CORS policy: No 'Access-Control-Allow-Origin' header is present on the requested resource. @ http://localhost:3001/:0
[     501ms] [ERROR] Failed to load resource: net::ERR_FAILED @ http://localhost:3000/api/auth/get-session:0
[     530ms] [LOG] [Fast Refresh] rebuilding @ http://localhost:3001/_next/static/chunks/0vgw_next_dist_0dl7j9k._.js:2477
[     560ms] [LOG] [Fast Refresh] done in 151ms @ http://localhost:3001/_next/static/chunks/0vgw_next_dist_0dl7j9k._.js:2477
[     625ms] [VERBOSE] [DOM] Password field is not contained in a form: (More info: https://goo.gl/9p2vKq) %o @ http://localhost:3001/:0
[   70024ms] [WARNING] The resource http://localhost:3001/_next/static/media/caa3a2e1cccd8315-s.p.09~u27dqhyhd6.woff2 was preloaded using link preload but not used within a few seconds from the window's load event. Please make sure it has an appropriate `as` value and it is preloaded intentionally. @ http://localhost:3001/:0
[   70024ms] [WARNING] The resource http://localhost:3001/_next/static/media/797e433ab948586e-s.p.09zddjkbdep5a.woff2 was preloaded using link preload but not used within a few seconds from the window's load event. Please make sure it has an appropriate `as` value and it is preloaded intentionally. @ http://localhost:3001/:0
[  230335ms] [ERROR] WebSocket connection to 'ws://localhost:3001/_next/webpack-hmr?id=hoCIw0iFWM7Z7Qy-udWHV' failed: Error in connection establishment: net::ERR_CONNECTION_REFUSED @ http://localhost:3001/_next/static/chunks/0vgw_next_dist_client_0vh53r5._.js:13322
[  233670ms] [ERROR] WebSocket connection to 'ws://localhost:3001/_next/webpack-hmr?id=hoCIw0iFWM7Z7Qy-udWHV' failed: Error in connection establishment: net::ERR_CONNECTION_REFUSED @ http://localhost:3001/_next/static/chunks/0vgw_next_dist_client_0vh53r5._.js:13322
[  237009ms] [ERROR] WebSocket connection to 'ws://localhost:3001/_next/webpack-hmr?id=hoCIw0iFWM7Z7Qy-udWHV' failed: Error in connection establishment: net::ERR_CONNECTION_REFUSED @ http://localhost:3001/_next/static/chunks/0vgw_next_dist_client_0vh53r5._.js:13322
[  240359ms] [ERROR] WebSocket connection to 'ws://localhost:3001/_next/webpack-hmr?id=hoCIw0iFWM7Z7Qy-udWHV' failed: Error in connection establishment: net::ERR_CONNECTION_REFUSED @ http://localhost:3001/_next/static/chunks/0vgw_next_dist_client_0vh53r5._.js:13322
[  243722ms] [ERROR] WebSocket connection to 'ws://localhost:3001/_next/webpack-hmr?id=hoCIw0iFWM7Z7Qy-udWHV' failed: Error in connection establishment: net::ERR_CONNECTION_REFUSED @ http://localhost:3001/_next/static/chunks/0vgw_next_dist_client_0vh53r5._.js:13322
[  251054ms] [ERROR] WebSocket connection to 'ws://localhost:3001/_next/webpack-hmr?id=hoCIw0iFWM7Z7Qy-udWHV' failed: Error in connection establishment: net::ERR_CONNECTION_REFUSED @ http://localhost:3001/_next/static/chunks/0vgw_next_dist_client_0vh53r5._.js:13322
[  258415ms] [ERROR] WebSocket connection to 'ws://localhost:3001/_next/webpack-hmr?id=hoCIw0iFWM7Z7Qy-udWHV' failed: Error in connection establishment: net::ERR_CONNECTION_REFUSED @ http://localhost:3001/_next/static/chunks/0vgw_next_dist_client_0vh53r5._.js:13322
[  265757ms] [ERROR] WebSocket connection to 'ws://localhost:3001/_next/webpack-hmr?id=hoCIw0iFWM7Z7Qy-udWHV' failed: Error in connection establishment: net::ERR_CONNECTION_REFUSED @ http://localhost:3001/_next/static/chunks/0vgw_next_dist_client_0vh53r5._.js:13322
[  273122ms] [ERROR] WebSocket connection to 'ws://localhost:3001/_next/webpack-hmr?id=hoCIw0iFWM7Z7Qy-udWHV' failed: Error in connection establishment: net::ERR_CONNECTION_REFUSED @ http://localhost:3001/_next/static/chunks/0vgw_next_dist_client_0vh53r5._.js:13322
[  280502ms] [ERROR] WebSocket connection to 'ws://localhost:3001/_next/webpack-hmr?id=hoCIw0iFWM7Z7Qy-udWHV' failed: Error in connection establishment: net::ERR_CONNECTION_REFUSED @ http://localhost:3001/_next/static/chunks/0vgw_next_dist_client_0vh53r5._.js:13322
[  287892ms] [ERROR] WebSocket connection to 'ws://localhost:3001/_next/webpack-hmr?id=hoCIw0iFWM7Z7Qy-udWHV' failed: Error in connection establishment: net::ERR_CONNECTION_REFUSED @ http://localhost:3001/_next/static/chunks/0vgw_next_dist_client_0vh53r5._.js:13322
[  295291ms] [ERROR] WebSocket connection to 'ws://localhost:3001/_next/webpack-hmr?id=hoCIw0iFWM7Z7Qy-udWHV' failed: Error in connection establishment: net::ERR_CONNECTION_REFUSED @ http://localhost:3001/_next/static/chunks/0vgw_next_dist_client_0vh53r5._.js:13322
[  297908ms] [ERROR] Failed to load resource: net::ERR_FAILED @ http://localhost:3001/_next/static/chunks/%5Broot-of-the-server%5D__0e2fl3r._.css:0
[  300005ms] [ERROR] Failed to load resource: net::ERR_FAILED @ http://localhost:3001/_next/static/chunks/0rgl_leaflet_dist_leaflet_0r1~0~7.css:0
[  300009ms] [ERROR] Failed to load resource: net::ERR_FAILED @ http://localhost:3001/_next/static/chunks/%5Bturbopack%5D_browser_dev_hmr-client_hmr-client_ts_065alzl._.js:0
[  300020ms] [ERROR] Failed to load resource: net::ERR_FAILED @ http://localhost:3001/_next/static/chunks/0vgw_next_dist_compiled_next-devtools_index_09m5jyt.js:0
[  300020ms] [ERROR] Failed to load resource: net::ERR_FAILED @ http://localhost:3001/_next/static/chunks/0vgw_next_dist_compiled_react-dom_0pqeser._.js:0
[  300020ms] [ERROR] Failed to load resource: net::ERR_FAILED @ http://localhost:3001/_next/static/chunks/0vgw_next_dist_compiled_react-server-dom-turbopack_0onad1v._.js:0
[  300244ms] [ERROR] Failed to load resource: the server responded with a status of 408 () @ http://localhost:3001/manifest.json:0
[  300244ms] [ERROR] Manifest fetch from http://localhost:3001/manifest.json failed, code 408 @ http://localhost:3001/:0
[  302358ms] [ERROR] Failed to load resource: net::ERR_FAILED @ http://localhost:3001/_next/static/chunks/0vgw_next_dist_compiled_0~~ee9-._.js:0
[  302373ms] [ERROR] Failed to load resource: net::ERR_FAILED @ http://localhost:3001/_next/static/chunks/0vgw_next_dist_client_0vh53r5._.js:0
[  302374ms] [ERROR] Failed to load resource: net::ERR_FAILED @ http://localhost:3001/_next/static/chunks/0vgw_next_dist_0dl7j9k._.js:0
[  302374ms] [ERROR] Failed to load resource: net::ERR_FAILED @ http://localhost:3001/_next/static/chunks/0i4a_%40swc_helpers_cjs_0hvz.20._.js:0
[  302375ms] [ERROR] Failed to load resource: net::ERR_FAILED @ http://localhost:3001/_next/static/chunks/_0rqeker._.js:0
[  302596ms] [ERROR] Failed to load resource: net::ERR_FAILED @ http://localhost:3001/_next/static/chunks/turbopack-_13so1mh._.js:0
[  304703ms] [ERROR] Failed to load resource: net::ERR_FAILED @ http://localhost:3001/_next/static/chunks/node_modules__pnpm_0t~4-2u._.js:0
[  304719ms] [ERROR] Failed to load resource: net::ERR_FAILED @ http://localhost:3001/_next/static/chunks/app_layout_tsx_0m54b6f._.js:0
[  304719ms] [ERROR] Failed to load resource: net::ERR_FAILED @ http://localhost:3001/_next/static/chunks/0rgl_leaflet_dist_leaflet-src_0ed4i4q.js:0
[  304719ms] [ERROR] Failed to load resource: net::ERR_FAILED @ http://localhost:3001/_next/static/chunks/components_screens_create-order-screen_tsx_0sr6cbt._.js:0
[  304719ms] [ERROR] Failed to load resource: net::ERR_FAILED @ http://localhost:3001/_next/static/chunks/components_screens_worker-profile-screen_tsx_0qjrrw5._.js:0
[  304934ms] [ERROR] Failed to load resource: net::ERR_FAILED @ http://localhost:3001/_next/static/chunks/components_screens_09-1zxs._.js:0
[  307024ms] [ERROR] Failed to load resource: net::ERR_FAILED @ http://localhost:3001/_next/static/chunks/components_11hut~8._.js:0
[  307070ms] [ERROR] Failed to load resource: net::ERR_FAILED @ http://localhost:3001/_next/static/chunks/_0rcg9b7._.js:0
[  307070ms] [ERROR] Failed to load resource: net::ERR_FAILED @ http://localhost:3001/_next/static/chunks/0t6e_lucide-react_dist_esm_09xk-en._.js:0
[  307070ms] [ERROR] Failed to load resource: net::ERR_FAILED @ http://localhost:3001/_next/static/chunks/0t3j_tailwind-merge_dist_bundle-mjs_mjs_11gnmpl._.js:0
[  307070ms] [ERROR] Failed to load resource: net::ERR_FAILED @ http://localhost:3001/_next/static/chunks/0fiz_swr_dist_0-re-q8._.js:0
[  307282ms] [ERROR] Failed to load resource: net::ERR_FAILED @ http://localhost:3001/_next/static/chunks/node_modules__pnpm_0eih-_4._.js:0
[  309375ms] [ERROR] Failed to load resource: net::ERR_FAILED @ http://localhost:3001/_next/static/chunks/app_page_tsx_0filnom._.js:0
[  309406ms] [ERROR] Failed to load resource: net::ERR_FAILED @ http://localhost:3001/_next/static/chunks/0vgw_next_dist_client_components_builtin_global-error_0filnom.js:0
[  309608ms] [ERROR] Failed to load resource: the server responded with a status of 408 () @ http://localhost:3001/icon.svg:0
[  311755ms] [ERROR] Failed to load resource: the server responded with a status of 408 () @ http://localhost:3001/manifest.json:0
[  311755ms] [ERROR] Manifest fetch from http://localhost:3001/manifest.json failed, code 408 @ http://localhost:3001/:0
[  311757ms] [ERROR] Failed to load resource: the server responded with a status of 408 () @ http://localhost:3001/icon-light-32x32.png:0
[  314762ms] [WARNING] The resource http://localhost:3001/_next/static/media/caa3a2e1cccd8315-s.p.09~u27dqhyhd6.woff2 was preloaded using link preload but not used within a few seconds from the window's load event. Please make sure it has an appropriate `as` value and it is preloaded intentionally. @ http://localhost:3001/:0
[  314762ms] [WARNING] The resource http://localhost:3001/_next/static/media/797e433ab948586e-s.p.09zddjkbdep5a.woff2 was preloaded using link preload but not used within a few seconds from the window's load event. Please make sure it has an appropriate `as` value and it is preloaded intentionally. @ http://localhost:3001/:0
