[     190ms] [INFO] %cDownload the React DevTools for a better development experience: https://react.dev/link/react-devtools font-weight:bold @ http://localhost:3000/_next/static/chunks/0vgw_next_dist_0dl7j9k._.js:2477
[     223ms] [LOG] [HMR] connected @ http://localhost:3000/_next/static/chunks/0vgw_next_dist_0dl7j9k._.js:2477
[     423ms] [LOG] [Fast Refresh] rebuilding @ http://localhost:3000/_next/static/chunks/0vgw_next_dist_0dl7j9k._.js:2477
[     467ms] [LOG] [Fast Refresh] done in 149ms @ http://localhost:3000/_next/static/chunks/0vgw_next_dist_0dl7j9k._.js:2477
[     551ms] [ERROR] Failed to load resource: the server responded with a status of 500 (Internal Server Error) @ http://localhost:3000/api/auth/me:0
[   55687ms] [LOG] [Fast Refresh] rebuilding @ http://localhost:3000/_next/static/chunks/0vgw_next_dist_0dl7j9k._.js:2477
[   55778ms] [LOG] [Fast Refresh] done in 151ms @ http://localhost:3000/_next/static/chunks/0vgw_next_dist_0dl7j9k._.js:2477
[   55888ms] [LOG] [Fast Refresh] rebuilding @ http://localhost:3000/_next/static/chunks/0vgw_next_dist_0dl7j9k._.js:2477
[   55899ms] [LOG] [Fast Refresh] done in 117ms @ http://localhost:3000/_next/static/chunks/0vgw_next_dist_0dl7j9k._.js:2477
[   61418ms] [LOG] [Fast Refresh] rebuilding @ http://localhost:3000/_next/static/chunks/0vgw_next_dist_0dl7j9k._.js:2477
[   61485ms] [LOG] [Fast Refresh] done in 172ms @ http://localhost:3000/_next/static/chunks/0vgw_next_dist_0dl7j9k._.js:2477
[   62272ms] [LOG] [Fast Refresh] rebuilding @ http://localhost:3000/_next/static/chunks/0vgw_next_dist_0dl7j9k._.js:2477
[   62338ms] [LOG] [Fast Refresh] done in 172ms @ http://localhost:3000/_next/static/chunks/0vgw_next_dist_0dl7j9k._.js:2477
[  116405ms] [LOG] [Fast Refresh] rebuilding @ http://localhost:3000/_next/static/chunks/0vgw_next_dist_0dl7j9k._.js:2477
[  116420ms] [LOG] [Fast Refresh] done in 129ms @ http://localhost:3000/_next/static/chunks/0vgw_next_dist_0dl7j9k._.js:2477
[  135467ms] [LOG] [Fast Refresh] rebuilding @ http://localhost:3000/_next/static/chunks/0vgw_next_dist_0dl7j9k._.js:2477
[  135484ms] [LOG] [Fast Refresh] done in 130ms @ http://localhost:3000/_next/static/chunks/0vgw_next_dist_0dl7j9k._.js:2477
[  615311ms] [LOG] [Fast Refresh] rebuilding @ http://localhost:3000/_next/static/chunks/0vgw_next_dist_0dl7j9k._.js:2477
[  615453ms] [LOG] [Fast Refresh] done in 211ms @ http://localhost:3000/_next/static/chunks/0vgw_next_dist_0dl7j9k._.js:2477
[  615732ms] [LOG] [Fast Refresh] rebuilding @ http://localhost:3000/_next/static/chunks/0vgw_next_dist_0dl7j9k._.js:2477
[  615787ms] [LOG] [Fast Refresh] done in 154ms @ http://localhost:3000/_next/static/chunks/0vgw_next_dist_0dl7j9k._.js:2477
[  650135ms] [LOG] [Fast Refresh] rebuilding @ http://localhost:3000/_next/static/chunks/0vgw_next_dist_0dl7j9k._.js:2477
[  650371ms] [LOG] [Fast Refresh] done in 295ms @ http://localhost:3000/_next/static/chunks/0vgw_next_dist_0dl7j9k._.js:2477
