[     230ms] [INFO] %cDownload the React DevTools for a better development experience: https://react.dev/link/react-devtools font-weight:bold @ http://localhost:3000/_next/static/chunks/0vgw_next_dist_0dl7j9k._.js:2477
[     269ms] [LOG] [HMR] connected @ http://localhost:3000/_next/static/chunks/0vgw_next_dist_0dl7j9k._.js:2477
[     455ms] [LOG] [Fast Refresh] rebuilding @ http://localhost:3000/_next/static/chunks/0vgw_next_dist_0dl7j9k._.js:2477
[     595ms] [LOG] [Fast Refresh] done in 241ms @ http://localhost:3000/_next/static/chunks/0vgw_next_dist_0dl7j9k._.js:2477
[     701ms] [LOG] [Fast Refresh] rebuilding @ http://localhost:3000/_next/static/chunks/0vgw_next_dist_0dl7j9k._.js:2477
[    2667ms] [ERROR] Failed to load resource: the server responded with a status of 500 (Internal Server Error) @ http://localhost:3000/api/auth/me:0
[    2668ms] [ERROR] Failed to load resource: the server responded with a status of 500 (Internal Server Error) @ http://localhost:3000/api/workers?sort=rating:0
[   12758ms] [ERROR] Failed to load resource: the server responded with a status of 500 (Internal Server Error) @ http://localhost:3000/api/workers?sort=rating:0
[   22795ms] [ERROR] Failed to load resource: the server responded with a status of 500 (Internal Server Error) @ http://localhost:3000/api/workers?sort=rating:0
[   41662ms] [ERROR] Failed to load resource: the server responded with a status of 500 (Internal Server Error) @ http://localhost:3000/api/auth/me:0
[   62829ms] [ERROR] Failed to load resource: the server responded with a status of 500 (Internal Server Error) @ http://localhost:3000/api/workers?sort=rating:0
[  106236ms] [ERROR] WebSocket connection to 'ws://localhost:3000/_next/webpack-hmr?id=esmLAR9L6XKFThANZYkLR' failed: Error in connection establishment: net::ERR_CONNECTION_REFUSED @ http://localhost:3000/_next/static/chunks/0vgw_next_dist_client_0vh53r5._.js:13322
[  109586ms] [ERROR] WebSocket connection to 'ws://localhost:3000/_next/webpack-hmr?id=esmLAR9L6XKFThANZYkLR' failed: Error in connection establishment: net::ERR_CONNECTION_REFUSED @ http://localhost:3000/_next/static/chunks/0vgw_next_dist_client_0vh53r5._.js:13322
[  112955ms] [ERROR] WebSocket connection to 'ws://localhost:3000/_next/webpack-hmr?id=esmLAR9L6XKFThANZYkLR' failed: Error in connection establishment: net::ERR_CONNECTION_REFUSED @ http://localhost:3000/_next/static/chunks/0vgw_next_dist_client_0vh53r5._.js:13322
[  116285ms] [ERROR] WebSocket connection to 'ws://localhost:3000/_next/webpack-hmr?id=esmLAR9L6XKFThANZYkLR' failed: Error in connection establishment: net::ERR_CONNECTION_REFUSED @ http://localhost:3000/_next/static/chunks/0vgw_next_dist_client_0vh53r5._.js:13322
[  119620ms] [ERROR] WebSocket connection to 'ws://localhost:3000/_next/webpack-hmr?id=esmLAR9L6XKFThANZYkLR' failed: Error in connection establishment: net::ERR_CONNECTION_REFUSED @ http://localhost:3000/_next/static/chunks/0vgw_next_dist_client_0vh53r5._.js:13322
[  126963ms] [ERROR] WebSocket connection to 'ws://localhost:3000/_next/webpack-hmr?id=esmLAR9L6XKFThANZYkLR' failed: Error in connection establishment: net::ERR_CONNECTION_REFUSED @ http://localhost:3000/_next/static/chunks/0vgw_next_dist_client_0vh53r5._.js:13322
[  130170ms] [ERROR] Failed to load resource: net::ERR_CONNECTION_REFUSED @ http://localhost:3000/api/workers?sort=rating:0
[  134285ms] [ERROR] WebSocket connection to 'ws://localhost:3000/_next/webpack-hmr?id=esmLAR9L6XKFThANZYkLR' failed: Error in connection establishment: net::ERR_CONNECTION_REFUSED @ http://localhost:3000/_next/static/chunks/0vgw_next_dist_client_0vh53r5._.js:13322
[  141620ms] [ERROR] WebSocket connection to 'ws://localhost:3000/_next/webpack-hmr?id=esmLAR9L6XKFThANZYkLR' failed: Error in connection establishment: net::ERR_CONNECTION_REFUSED @ http://localhost:3000/_next/static/chunks/0vgw_next_dist_client_0vh53r5._.js:13322
[  148969ms] [ERROR] WebSocket connection to 'ws://localhost:3000/_next/webpack-hmr?id=esmLAR9L6XKFThANZYkLR' failed: Error in connection establishment: net::ERR_CONNECTION_REFUSED @ http://localhost:3000/_next/static/chunks/0vgw_next_dist_client_0vh53r5._.js:13322
[  156317ms] [ERROR] WebSocket connection to 'ws://localhost:3000/_next/webpack-hmr?id=esmLAR9L6XKFThANZYkLR' failed: Error in connection establishment: net::ERR_CONNECTION_REFUSED @ http://localhost:3000/_next/static/chunks/0vgw_next_dist_client_0vh53r5._.js:13322
[  163634ms] [ERROR] WebSocket connection to 'ws://localhost:3000/_next/webpack-hmr?id=esmLAR9L6XKFThANZYkLR' failed: Error in connection establishment: net::ERR_CONNECTION_REFUSED @ http://localhost:3000/_next/static/chunks/0vgw_next_dist_client_0vh53r5._.js:13322
[  170984ms] [ERROR] WebSocket connection to 'ws://localhost:3000/_next/webpack-hmr?id=esmLAR9L6XKFThANZYkLR' failed: Error in connection establishment: net::ERR_CONNECTION_REFUSED @ http://localhost:3000/_next/static/chunks/0vgw_next_dist_client_0vh53r5._.js:13322
