[    4516ms] [INFO] %cDownload the React DevTools for a better development experience: https://react.dev/link/react-devtools font-weight:bold @ http://localhost:3000/_next/static/chunks/0sg._next_dist_02bxmbe._.js:2477
[    4586ms] [LOG] [HMR] connected @ http://localhost:3000/_next/static/chunks/0sg._next_dist_02bxmbe._.js:2477
[    4797ms] [LOG] [Fast Refresh] rebuilding @ http://localhost:3000/_next/static/chunks/0sg._next_dist_02bxmbe._.js:2477
[    5425ms] [LOG] [Fast Refresh] done in 734ms @ http://localhost:3000/_next/static/chunks/0sg._next_dist_02bxmbe._.js:2477
[    6217ms] [VERBOSE] [DOM] Password field is not contained in a form: (More info: https://goo.gl/9p2vKq) %o @ http://localhost:3000/:0
[   20400ms] [LOG] [Fast Refresh] rebuilding @ http://localhost:3000/_next/static/chunks/0sg._next_dist_02bxmbe._.js:2477
[   20653ms] [LOG] [Fast Refresh] done in 369ms @ http://localhost:3000/_next/static/chunks/0sg._next_dist_02bxmbe._.js:2477
[   20726ms] [ERROR] Failed to load resource: the server responded with a status of 401 (Unauthorized) @ http://localhost:3000/api/auth/login:0
[  312080ms] [LOG] [Fast Refresh] rebuilding @ http://localhost:3000/_next/static/chunks/0sg._next_dist_02bxmbe._.js:2477
[  312438ms] [LOG] [Fast Refresh] done in 459ms @ http://localhost:3000/_next/static/chunks/0sg._next_dist_02bxmbe._.js:2477
[  370408ms] [LOG] [Fast Refresh] rebuilding @ http://localhost:3000/_next/static/chunks/0sg._next_dist_02bxmbe._.js:2477
[  370546ms] [LOG] [Fast Refresh] done in 254ms @ http://localhost:3000/_next/static/chunks/0sg._next_dist_02bxmbe._.js:2477
[  404232ms] [ERROR] WebSocket connection to 'ws://localhost:3000/_next/webpack-hmr?id=ZVctGDyUn_zq1Q60Mtehd' failed: Connection closed before receiving a handshake response @ http://localhost:3000/_next/static/chunks/0sg._next_dist_client_01kkx1a._.js:13322
[  407576ms] [ERROR] WebSocket connection to 'ws://localhost:3000/_next/webpack-hmr?id=ZVctGDyUn_zq1Q60Mtehd' failed: Error in connection establishment: net::ERR_CONNECTION_REFUSED @ http://localhost:3000/_next/static/chunks/0sg._next_dist_client_01kkx1a._.js:13322
[  410939ms] [ERROR] WebSocket connection to 'ws://localhost:3000/_next/webpack-hmr?id=ZVctGDyUn_zq1Q60Mtehd' failed: Error in connection establishment: net::ERR_CONNECTION_REFUSED @ http://localhost:3000/_next/static/chunks/0sg._next_dist_client_01kkx1a._.js:13322
[  414293ms] [ERROR] WebSocket connection to 'ws://localhost:3000/_next/webpack-hmr?id=ZVctGDyUn_zq1Q60Mtehd' failed: Error in connection establishment: net::ERR_CONNECTION_REFUSED @ http://localhost:3000/_next/static/chunks/0sg._next_dist_client_01kkx1a._.js:13322
[  415615ms] [ERROR] WebSocket connection to 'ws://localhost:3000/_next/webpack-hmr?id=ZVctGDyUn_zq1Q60Mtehd' failed: Connection closed before receiving a handshake response @ http://localhost:3000/_next/static/chunks/0sg._next_dist_client_01kkx1a._.js:13322
[  420632ms] [LOG] [HMR] connected @ http://localhost:3000/_next/static/chunks/0sg._next_dist_02bxmbe._.js:2477
[  421735ms] [INFO] %cDownload the React DevTools for a better development experience: https://react.dev/link/react-devtools font-weight:bold @ http://localhost:3000/_next/static/chunks/0sg._next_dist_02bxmbe._.js:2477
[  421761ms] [LOG] [HMR] connected @ http://localhost:3000/_next/static/chunks/0sg._next_dist_02bxmbe._.js:2477
[  421976ms] [LOG] [Fast Refresh] rebuilding @ http://localhost:3000/_next/static/chunks/0sg._next_dist_02bxmbe._.js:2477
[  422738ms] [LOG] [Fast Refresh] done in 868ms @ http://localhost:3000/_next/static/chunks/0sg._next_dist_02bxmbe._.js:2477
[  423478ms] [LOG] [Fast Refresh] rebuilding @ http://localhost:3000/_next/static/chunks/0sg._next_dist_02bxmbe._.js:2477
[  424140ms] [LOG] [Fast Refresh] done in 767ms @ http://localhost:3000/_next/static/chunks/0sg._next_dist_02bxmbe._.js:2477
[  448563ms] [LOG] [Fast Refresh] rebuilding @ http://localhost:3000/_next/static/chunks/0sg._next_dist_02bxmbe._.js:2477
[  448810ms] [LOG] [Fast Refresh] done in 360ms @ http://localhost:3000/_next/static/chunks/0sg._next_dist_02bxmbe._.js:2477
